{"/Users/ryanriegel/Documents/hrwork/products/db/index.js": {"path":"/Users/ryanriegel/Documents/hrwork/products/db/index.js","statementMap":{"0":{"start":{"line":1,"column":14},"end":{"line":1,"column":31}},"1":{"start":{"line":5,"column":4},"end":{"line":10,"column":7}},"2":{"start":{"line":13,"column":4},"end":{"line":21,"column":6}},"3":{"start":{"line":14,"column":6},"end":{"line":20,"column":9}},"4":{"start":{"line":15,"column":8},"end":{"line":19,"column":9}},"5":{"start":{"line":16,"column":10},"end":{"line":16,"column":31}},"6":{"start":{"line":18,"column":10},"end":{"line":18,"column":25}},"7":{"start":{"line":24,"column":4},"end":{"line":32,"column":6}},"8":{"start":{"line":25,"column":6},"end":{"line":31,"column":8}},"9":{"start":{"line":26,"column":8},"end":{"line":30,"column":9}},"10":{"start":{"line":27,"column":10},"end":{"line":27,"column":29}},"11":{"start":{"line":29,"column":10},"end":{"line":29,"column":20}},"12":{"start":{"line":36,"column":0},"end":{"line":36,"column":32}}},"fnMap":{"0":{"name":"(anonymous_0)","decl":{"start":{"line":4,"column":2},"end":{"line":4,"column":3}},"loc":{"start":{"line":4,"column":16},"end":{"line":11,"column":3}},"line":4},"1":{"name":"(anonymous_1)","decl":{"start":{"line":12,"column":2},"end":{"line":12,"column":3}},"loc":{"start":{"line":12,"column":19},"end":{"line":22,"column":3}},"line":12},"2":{"name":"(anonymous_2)","decl":{"start":{"line":13,"column":24},"end":{"line":13,"column":25}},"loc":{"start":{"line":13,"column":45},"end":{"line":21,"column":5}},"line":13},"3":{"name":"(anonymous_3)","decl":{"start":{"line":14,"column":39},"end":{"line":14,"column":40}},"loc":{"start":{"line":14,"column":53},"end":{"line":20,"column":7}},"line":14},"4":{"name":"(anonymous_4)","decl":{"start":{"line":23,"column":2},"end":{"line":23,"column":3}},"loc":{"start":{"line":23,"column":10},"end":{"line":33,"column":3}},"line":23},"5":{"name":"(anonymous_5)","decl":{"start":{"line":24,"column":24},"end":{"line":24,"column":25}},"loc":{"start":{"line":24,"column":45},"end":{"line":32,"column":5}},"line":24},"6":{"name":"(anonymous_6)","decl":{"start":{"line":25,"column":26},"end":{"line":25,"column":27}},"loc":{"start":{"line":25,"column":33},"end":{"line":31,"column":7}},"line":25}},"branchMap":{"0":{"loc":{"start":{"line":15,"column":8},"end":{"line":19,"column":9}},"type":"if","locations":[{"start":{"line":15,"column":8},"end":{"line":19,"column":9}},{"start":{"line":15,"column":8},"end":{"line":19,"column":9}}],"line":15},"1":{"loc":{"start":{"line":26,"column":8},"end":{"line":30,"column":9}},"type":"if","locations":[{"start":{"line":26,"column":8},"end":{"line":30,"column":9}},{"start":{"line":26,"column":8},"end":{"line":30,"column":9}}],"line":26}},"s":{"0":1,"1":1,"2":32,"3":32,"4":32,"5":2,"6":30,"7":1,"8":1,"9":1,"10":0,"11":1,"12":1},"f":{"0":1,"1":32,"2":32,"3":32,"4":1,"5":1,"6":1},"b":{"0":[2,30],"1":[0,1]},"_coverageSchema":"1a1c01bbd47fc00a2c39e90264f33305004495a9","hash":"43cdca6c349d54a0ded222419524e2a821290bf0"}
,"/Users/ryanriegel/Documents/hrwork/products/server/index.js": {"path":"/Users/ryanriegel/Documents/hrwork/products/server/index.js","statementMap":{"0":{"start":{"line":1,"column":16},"end":{"line":1,"column":34}},"1":{"start":{"line":2,"column":19},"end":{"line":2,"column":41}},"2":{"start":{"line":3,"column":11},"end":{"line":3,"column":27}},"3":{"start":{"line":4,"column":19},"end":{"line":4,"column":53}},"4":{"start":{"line":5,"column":16},"end":{"line":5,"column":47}},"5":{"start":{"line":6,"column":10},"end":{"line":6,"column":19}},"6":{"start":{"line":8,"column":0},"end":{"line":8,"column":27}},"7":{"start":{"line":9,"column":0},"end":{"line":9,"column":52}},"8":{"start":{"line":14,"column":0},"end":{"line":30,"column":3}},"9":{"start":{"line":18,"column":2},"end":{"line":18,"column":52}},"10":{"start":{"line":19,"column":2},"end":{"line":19,"column":56}},"11":{"start":{"line":20,"column":20},"end":{"line":20,"column":81}},"12":{"start":{"line":22,"column":2},"end":{"line":29,"column":6}},"13":{"start":{"line":24,"column":6},"end":{"line":24,"column":58}},"14":{"start":{"line":27,"column":6},"end":{"line":27,"column":54}},"15":{"start":{"line":28,"column":6},"end":{"line":28,"column":32}},"16":{"start":{"line":33,"column":0},"end":{"line":56,"column":3}},"17":{"start":{"line":35,"column":22},"end":{"line":35,"column":90}},"18":{"start":{"line":36,"column":21},"end":{"line":36,"column":81}},"19":{"start":{"line":39,"column":2},"end":{"line":55,"column":6}},"20":{"start":{"line":41,"column":6},"end":{"line":41,"column":50}},"21":{"start":{"line":42,"column":6},"end":{"line":42,"column":36}},"22":{"start":{"line":45,"column":6},"end":{"line":45,"column":62}},"23":{"start":{"line":46,"column":6},"end":{"line":50,"column":7}},"24":{"start":{"line":47,"column":8},"end":{"line":47,"column":41}},"25":{"start":{"line":49,"column":8},"end":{"line":49,"column":61}},"26":{"start":{"line":53,"column":6},"end":{"line":53,"column":23}},"27":{"start":{"line":54,"column":6},"end":{"line":54,"column":32}},"28":{"start":{"line":58,"column":0},"end":{"line":69,"column":2}},"29":{"start":{"line":60,"column":2},"end":{"line":67,"column":6}},"30":{"start":{"line":62,"column":6},"end":{"line":62,"column":37}},"31":{"start":{"line":65,"column":6},"end":{"line":65,"column":23}},"32":{"start":{"line":66,"column":6},"end":{"line":66,"column":32}},"33":{"start":{"line":71,"column":0},"end":{"line":81,"column":2}},"34":{"start":{"line":72,"column":21},"end":{"line":72,"column":113}},"35":{"start":{"line":73,"column":2},"end":{"line":80,"column":6}},"36":{"start":{"line":75,"column":6},"end":{"line":75,"column":57}},"37":{"start":{"line":78,"column":6},"end":{"line":78,"column":23}},"38":{"start":{"line":79,"column":6},"end":{"line":79,"column":32}},"39":{"start":{"line":85,"column":0},"end":{"line":85,"column":21}}},"fnMap":{"0":{"name":"(anonymous_0)","decl":{"start":{"line":14,"column":21},"end":{"line":14,"column":22}},"loc":{"start":{"line":14,"column":35},"end":{"line":30,"column":1}},"line":14},"1":{"name":"(anonymous_1)","decl":{"start":{"line":23,"column":11},"end":{"line":23,"column":12}},"loc":{"start":{"line":23,"column":23},"end":{"line":25,"column":5}},"line":23},"2":{"name":"(anonymous_2)","decl":{"start":{"line":26,"column":12},"end":{"line":26,"column":13}},"loc":{"start":{"line":26,"column":19},"end":{"line":29,"column":5}},"line":26},"3":{"name":"(anonymous_3)","decl":{"start":{"line":33,"column":33},"end":{"line":33,"column":34}},"loc":{"start":{"line":33,"column":47},"end":{"line":56,"column":1}},"line":33},"4":{"name":"(anonymous_4)","decl":{"start":{"line":40,"column":11},"end":{"line":40,"column":12}},"loc":{"start":{"line":40,"column":23},"end":{"line":43,"column":5}},"line":40},"5":{"name":"(anonymous_5)","decl":{"start":{"line":44,"column":11},"end":{"line":44,"column":12}},"loc":{"start":{"line":44,"column":23},"end":{"line":51,"column":5}},"line":44},"6":{"name":"(anonymous_6)","decl":{"start":{"line":52,"column":12},"end":{"line":52,"column":13}},"loc":{"start":{"line":52,"column":19},"end":{"line":55,"column":5}},"line":52},"7":{"name":"(anonymous_7)","decl":{"start":{"line":58,"column":40},"end":{"line":58,"column":41}},"loc":{"start":{"line":58,"column":54},"end":{"line":69,"column":1}},"line":58},"8":{"name":"(anonymous_8)","decl":{"start":{"line":61,"column":11},"end":{"line":61,"column":12}},"loc":{"start":{"line":61,"column":23},"end":{"line":63,"column":5}},"line":61},"9":{"name":"(anonymous_9)","decl":{"start":{"line":64,"column":12},"end":{"line":64,"column":13}},"loc":{"start":{"line":64,"column":19},"end":{"line":67,"column":5}},"line":64},"10":{"name":"(anonymous_10)","decl":{"start":{"line":71,"column":41},"end":{"line":71,"column":42}},"loc":{"start":{"line":71,"column":55},"end":{"line":81,"column":1}},"line":71},"11":{"name":"(anonymous_11)","decl":{"start":{"line":74,"column":11},"end":{"line":74,"column":12}},"loc":{"start":{"line":74,"column":23},"end":{"line":76,"column":5}},"line":74},"12":{"name":"(anonymous_12)","decl":{"start":{"line":77,"column":12},"end":{"line":77,"column":13}},"loc":{"start":{"line":77,"column":19},"end":{"line":80,"column":5}},"line":77}},"branchMap":{"0":{"loc":{"start":{"line":18,"column":2},"end":{"line":18,"column":51}},"type":"cond-expr","locations":[{"start":{"line":18,"column":19},"end":{"line":18,"column":40}},{"start":{"line":18,"column":43},"end":{"line":18,"column":51}}],"line":18},"1":{"loc":{"start":{"line":19,"column":2},"end":{"line":19,"column":55}},"type":"cond-expr","locations":[{"start":{"line":19,"column":20},"end":{"line":19,"column":43}},{"start":{"line":19,"column":46},"end":{"line":19,"column":55}}],"line":19},"2":{"loc":{"start":{"line":46,"column":6},"end":{"line":50,"column":7}},"type":"if","locations":[{"start":{"line":46,"column":6},"end":{"line":50,"column":7}},{"start":{"line":46,"column":6},"end":{"line":50,"column":7}}],"line":46}},"s":{"0":1,"1":1,"2":1,"3":1,"4":1,"5":1,"6":1,"7":1,"8":1,"9":6,"10":6,"11":6,"12":6,"13":4,"14":2,"15":2,"16":1,"17":5,"18":5,"19":5,"20":5,"21":5,"22":5,"23":5,"24":4,"25":1,"26":0,"27":0,"28":1,"29":5,"30":5,"31":0,"32":0,"33":1,"34":3,"35":3,"36":3,"37":0,"38":0,"39":1},"f":{"0":6,"1":4,"2":2,"3":5,"4":5,"5":5,"6":0,"7":5,"8":5,"9":0,"10":3,"11":3,"12":0},"b":{"0":[3,3],"1":[3,3],"2":[4,1]},"_coverageSchema":"1a1c01bbd47fc00a2c39e90264f33305004495a9","hash":"c25697511a0dc05d5af91a766bd126b2821f30b7"}
,"/Users/ryanriegel/Documents/hrwork/products/server/helpers/formatting.js": {"path":"/Users/ryanriegel/Documents/hrwork/products/server/helpers/formatting.js","statementMap":{"0":{"start":{"line":3,"column":15},"end":{"line":37,"column":1}},"1":{"start":{"line":4,"column":21},"end":{"line":4,"column":23}},"2":{"start":{"line":5,"column":2},"end":{"line":34,"column":3}},"3":{"start":{"line":5,"column":15},"end":{"line":5,"column":16}},"4":{"start":{"line":6,"column":17},"end":{"line":6,"column":37}},"5":{"start":{"line":7,"column":4},"end":{"line":9,"column":5}},"6":{"start":{"line":8,"column":6},"end":{"line":8,"column":35}},"7":{"start":{"line":11,"column":4},"end":{"line":33,"column":5}},"8":{"start":{"line":12,"column":24},"end":{"line":20,"column":7}},"9":{"start":{"line":21,"column":6},"end":{"line":21,"column":25}},"10":{"start":{"line":24,"column":24},"end":{"line":31,"column":7}},"11":{"start":{"line":32,"column":6},"end":{"line":32,"column":37}},"12":{"start":{"line":35,"column":2},"end":{"line":35,"column":22}},"13":{"start":{"line":39,"column":15},"end":{"line":50,"column":1}},"14":{"start":{"line":40,"column":21},"end":{"line":40,"column":23}},"15":{"start":{"line":41,"column":2},"end":{"line":48,"column":3}},"16":{"start":{"line":41,"column":15},"end":{"line":41,"column":16}},"17":{"start":{"line":43,"column":22},"end":{"line":46,"column":5}},"18":{"start":{"line":47,"column":4},"end":{"line":47,"column":35}},"19":{"start":{"line":49,"column":2},"end":{"line":49,"column":22}},"20":{"start":{"line":52,"column":13},"end":{"line":87,"column":1}},"21":{"start":{"line":55,"column":21},"end":{"line":58,"column":3}},"22":{"start":{"line":59,"column":2},"end":{"line":85,"column":3}},"23":{"start":{"line":59,"column":15},"end":{"line":59,"column":16}},"24":{"start":{"line":61,"column":26},"end":{"line":61,"column":28}},"25":{"start":{"line":62,"column":4},"end":{"line":67,"column":5}},"26":{"start":{"line":62,"column":17},"end":{"line":62,"column":18}},"27":{"start":{"line":63,"column":6},"end":{"line":66,"column":8}},"28":{"start":{"line":69,"column":24},"end":{"line":69,"column":26}},"29":{"start":{"line":70,"column":4},"end":{"line":75,"column":5}},"30":{"start":{"line":70,"column":17},"end":{"line":70,"column":18}},"31":{"start":{"line":71,"column":6},"end":{"line":74,"column":7}},"32":{"start":{"line":76,"column":4},"end":{"line":84,"column":6}},"33":{"start":{"line":86,"column":2},"end":{"line":86,"column":22}},"34":{"start":{"line":89,"column":14},"end":{"line":95,"column":1}},"35":{"start":{"line":90,"column":21},"end":{"line":90,"column":23}},"36":{"start":{"line":91,"column":2},"end":{"line":93,"column":3}},"37":{"start":{"line":91,"column":15},"end":{"line":91,"column":16}},"38":{"start":{"line":92,"column":4},"end":{"line":92,"column":49}},"39":{"start":{"line":94,"column":2},"end":{"line":94,"column":22}},"40":{"start":{"line":99,"column":0},"end":{"line":104,"column":1}}},"fnMap":{"0":{"name":"(anonymous_0)","decl":{"start":{"line":3,"column":15},"end":{"line":3,"column":16}},"loc":{"start":{"line":3,"column":39},"end":{"line":37,"column":1}},"line":3},"1":{"name":"(anonymous_1)","decl":{"start":{"line":39,"column":15},"end":{"line":39,"column":16}},"loc":{"start":{"line":39,"column":29},"end":{"line":50,"column":1}},"line":39},"2":{"name":"(anonymous_2)","decl":{"start":{"line":52,"column":13},"end":{"line":52,"column":14}},"loc":{"start":{"line":52,"column":31},"end":{"line":87,"column":1}},"line":52},"3":{"name":"(anonymous_3)","decl":{"start":{"line":89,"column":14},"end":{"line":89,"column":15}},"loc":{"start":{"line":89,"column":28},"end":{"line":95,"column":1}},"line":89}},"branchMap":{"0":{"loc":{"start":{"line":7,"column":4},"end":{"line":9,"column":5}},"type":"if","locations":[{"start":{"line":7,"column":4},"end":{"line":9,"column":5}},{"start":{"line":7,"column":4},"end":{"line":9,"column":5}}],"line":7},"1":{"loc":{"start":{"line":7,"column":8},"end":{"line":7,"column":47}},"type":"binary-expr","locations":[{"start":{"line":7,"column":8},"end":{"line":7,"column":23}},{"start":{"line":7,"column":27},"end":{"line":7,"column":47}}],"line":7},"2":{"loc":{"start":{"line":11,"column":4},"end":{"line":33,"column":5}},"type":"if","locations":[{"start":{"line":11,"column":4},"end":{"line":33,"column":5}},{"start":{"line":11,"column":4},"end":{"line":33,"column":5}}],"line":11}},"s":{"0":1,"1":9,"2":9,"3":9,"4":1122,"5":1122,"6":53,"7":1122,"8":4,"9":4,"10":1118,"11":1118,"12":5,"13":1,"14":5,"15":5,"16":5,"17":4,"18":4,"19":5,"20":1,"21":5,"22":5,"23":5,"24":4,"25":4,"26":4,"27":16,"28":4,"29":4,"30":4,"31":24,"32":4,"33":5,"34":1,"35":3,"36":3,"37":3,"38":10,"39":3,"40":1},"f":{"0":9,"1":5,"2":5,"3":3},"b":{"0":[53,1069],"1":[1122,1122],"2":[4,1118]},"_coverageSchema":"1a1c01bbd47fc00a2c39e90264f33305004495a9","hash":"88881af7ce9b23d508b007602a30b8d17ff150b3"}
,"/Users/ryanriegel/Documents/hrwork/products/server/helpers/queries.js": {"path":"/Users/ryanriegel/Documents/hrwork/products/server/helpers/queries.js","statementMap":{"0":{"start":{"line":1,"column":11},"end":{"line":1,"column":30}},"1":{"start":{"line":2,"column":19},"end":{"line":2,"column":45}},"2":{"start":{"line":4,"column":18},"end":{"line":12,"column":1}},"3":{"start":{"line":5,"column":13},"end":{"line":5,"column":76}},"4":{"start":{"line":6,"column":2},"end":{"line":9,"column":3}},"5":{"start":{"line":6,"column":15},"end":{"line":6,"column":16}},"6":{"start":{"line":7,"column":4},"end":{"line":7,"column":49}},"7":{"start":{"line":8,"column":4},"end":{"line":8,"column":45}},"8":{"start":{"line":10,"column":2},"end":{"line":10,"column":37}},"9":{"start":{"line":11,"column":2},"end":{"line":11,"column":14}},"10":{"start":{"line":13,"column":18},"end":{"line":16,"column":1}},"11":{"start":{"line":14,"column":13},"end":{"line":14,"column":73}},"12":{"start":{"line":15,"column":2},"end":{"line":15,"column":14}},"13":{"start":{"line":17,"column":16},"end":{"line":20,"column":1}},"14":{"start":{"line":18,"column":13},"end":{"line":18,"column":71}},"15":{"start":{"line":19,"column":2},"end":{"line":19,"column":14}},"16":{"start":{"line":22,"column":0},"end":{"line":24,"column":1}}},"fnMap":{"0":{"name":"(anonymous_0)","decl":{"start":{"line":4,"column":18},"end":{"line":4,"column":19}},"loc":{"start":{"line":4,"column":32},"end":{"line":12,"column":1}},"line":4},"1":{"name":"(anonymous_1)","decl":{"start":{"line":13,"column":18},"end":{"line":13,"column":19}},"loc":{"start":{"line":13,"column":32},"end":{"line":16,"column":1}},"line":13},"2":{"name":"(anonymous_2)","decl":{"start":{"line":17,"column":16},"end":{"line":17,"column":17}},"loc":{"start":{"line":17,"column":30},"end":{"line":20,"column":1}},"line":17}},"branchMap":{},"s":{"0":1,"1":1,"2":1,"3":5,"4":5,"5":5,"6":4,"7":4,"8":5,"9":5,"10":1,"11":4,"12":4,"13":1,"14":4,"15":4,"16":1},"f":{"0":5,"1":4,"2":4},"b":{},"_coverageSchema":"1a1c01bbd47fc00a2c39e90264f33305004495a9","hash":"be0999197d4a96a2d683ec0e304f0a212c17fee4"}
}
