TN:
SF:db/index.js
FN:4,(anonymous_0)
FN:12,(anonymous_1)
FN:13,(anonymous_2)
FN:14,(anonymous_3)
FN:23,(anonymous_4)
FN:24,(anonymous_5)
FN:25,(anonymous_6)
FNF:7
FNH:7
FNDA:1,(anonymous_0)
FNDA:32,(anonymous_1)
FNDA:32,(anonymous_2)
FNDA:32,(anonymous_3)
FNDA:1,(anonymous_4)
FNDA:1,(anonymous_5)
FNDA:1,(anonymous_6)
DA:1,1
DA:5,1
DA:13,32
DA:14,32
DA:15,32
DA:16,2
DA:18,30
DA:24,1
DA:25,1
DA:26,1
DA:27,0
DA:29,1
DA:36,1
LF:13
LH:12
BRDA:15,0,0,2
BRDA:15,0,1,30
BRDA:26,1,0,0
BRDA:26,1,1,1
BRF:4
BRH:3
end_of_record
TN:
SF:server/index.js
FN:14,(anonymous_0)
FN:23,(anonymous_1)
FN:26,(anonymous_2)
FN:33,(anonymous_3)
FN:40,(anonymous_4)
FN:44,(anonymous_5)
FN:52,(anonymous_6)
FN:58,(anonymous_7)
FN:61,(anonymous_8)
FN:64,(anonymous_9)
FN:71,(anonymous_10)
FN:74,(anonymous_11)
FN:77,(anonymous_12)
FNF:13
FNH:10
FNDA:6,(anonymous_0)
FNDA:4,(anonymous_1)
FNDA:2,(anonymous_2)
FNDA:5,(anonymous_3)
FNDA:5,(anonymous_4)
FNDA:5,(anonymous_5)
FNDA:0,(anonymous_6)
FNDA:5,(anonymous_7)
FNDA:5,(anonymous_8)
FNDA:0,(anonymous_9)
FNDA:3,(anonymous_10)
FNDA:3,(anonymous_11)
FNDA:0,(anonymous_12)
DA:1,1
DA:2,1
DA:3,1
DA:4,1
DA:5,1
DA:6,1
DA:8,1
DA:9,1
DA:14,1
DA:18,6
DA:19,6
DA:20,6
DA:22,6
DA:24,4
DA:27,2
DA:28,2
DA:33,1
DA:35,5
DA:36,5
DA:39,5
DA:41,5
DA:42,5
DA:45,5
DA:46,5
DA:47,4
DA:49,1
DA:53,0
DA:54,0
DA:58,1
DA:60,5
DA:62,5
DA:65,0
DA:66,0
DA:71,1
DA:72,3
DA:73,3
DA:75,3
DA:78,0
DA:79,0
DA:85,1
LF:40
LH:34
BRDA:18,0,0,3
BRDA:18,0,1,3
BRDA:19,1,0,3
BRDA:19,1,1,3
BRDA:46,2,0,4
BRDA:46,2,1,1
BRF:6
BRH:6
end_of_record
TN:
SF:server/helpers/formatting.js
FN:3,(anonymous_0)
FN:39,(anonymous_1)
FN:52,(anonymous_2)
FN:89,(anonymous_3)
FNF:4
FNH:4
FNDA:9,(anonymous_0)
FNDA:5,(anonymous_1)
FNDA:5,(anonymous_2)
FNDA:3,(anonymous_3)
DA:3,1
DA:4,9
DA:5,9
DA:6,1122
DA:7,1122
DA:8,53
DA:11,1122
DA:12,4
DA:21,4
DA:24,1118
DA:32,1118
DA:35,5
DA:39,1
DA:40,5
DA:41,5
DA:43,4
DA:47,4
DA:49,5
DA:52,1
DA:55,5
DA:59,5
DA:61,4
DA:62,4
DA:63,16
DA:69,4
DA:70,4
DA:71,24
DA:76,4
DA:86,5
DA:89,1
DA:90,3
DA:91,3
DA:92,10
DA:94,3
DA:99,1
LF:35
LH:35
BRDA:7,0,0,53
BRDA:7,0,1,1069
BRDA:7,1,0,1122
BRDA:7,1,1,1122
BRDA:11,2,0,4
BRDA:11,2,1,1118
BRF:6
BRH:6
end_of_record
TN:
SF:server/helpers/queries.js
FN:4,(anonymous_0)
FN:13,(anonymous_1)
FN:17,(anonymous_2)
FNF:3
FNH:3
FNDA:5,(anonymous_0)
FNDA:4,(anonymous_1)
FNDA:4,(anonymous_2)
DA:1,1
DA:2,1
DA:4,1
DA:5,5
DA:6,5
DA:7,4
DA:8,4
DA:10,5
DA:11,5
DA:13,1
DA:14,4
DA:15,4
DA:17,1
DA:18,4
DA:19,4
DA:22,1
LF:16
LH:16
BRF:0
BRH:0
end_of_record
